nohup: ignoring input
/home/phili/datascience/projet plaque/demo/app.py:830: UserWarning: The parameters have been moved from the Blocks constructor to the launch() method in Gradio 6.0: theme, css. Please pass these parameters to launch() instead.
  with gr.Blocks(css=custom_css, theme=gr.themes.Soft()) as demo:
/home/phili/datascience/projet plaque/demo/venv/lib/python3.12/site-packages/gradio/components/dataframe.py:192: UserWarning: The `col_count` parameter is deprecated and will be removed. Please use `column_count` instead.
  warnings.warn(
✅ Outputs directory is writable
🚀 Launching Inside the ALPR Engine...
📦 Initializing ALPR Pipeline...
📦 Loading YOLOv8 from models/best.pt...
📦 Loading fast-plate-ocr...
📦 Loading Brand Detection model from /home/phili/datascience/projet plaque/modelcar/my_best_model.pt...
✅ Models loaded successfully!
📦 Initializing Error Gallery...
📦 Initializing Access Controller...
✅ Database initialized with 79 residents
✅ AccessController synced: 45 authorized plates
📦 Initializing Database Manager...
✅ Database initialized with 79 residents
📦 Initializing Video Cache...
🚀 Building Gradio Interface...
✅ AccessController synced: 45 authorized plates
✨ Starting Gradio Server on port 7860...
